<?xml version="1.0" encoding="UTF-8"?>
<!-- Generated by org.testng.reporters.JUnitXMLReporter -->
<testsuite ignored="5" hostname="DESKTOP-OFVVT2S" failures="0" tests="3" name="GRP-sanity" time="0.134" errors="0" timestamp="2023-05-26T13:49:22 IST">
  <testcase classname="testngprgms.Grouping" name="test1" time="0.014"/>
  <testcase classname="t1.PrgmGroup" name="test1" time="0.005"/>
  <testcase classname="t1.PrgmGroup" name="test4" time="0.002"/>
  <testcase classname="testngprgms.Grouping" name="test4" time="0.0">
    <ignored/>
  </testcase> <!-- test4 -->
  <testcase classname="testngprgms.Grouping" name="test2" time="0.0">
    <ignored/>
  </testcase> <!-- test2 -->
  <testcase classname="t1.PrgmGroup" name="test3" time="0.0">
    <ignored/>
  </testcase> <!-- test3 -->
  <testcase classname="t1.PrgmGroup" name="test2" time="0.0">
    <ignored/>
  </testcase> <!-- test2 -->
  <testcase classname="testngprgms.Grouping" name="test3" time="0.0">
    <ignored/>
  </testcase> <!-- test3 -->
</testsuite> <!-- GRP-sanity -->
